

Started GET "/" for 127.0.0.1 at 2015-09-28 19:13:56 +0700
Processing by Rails::WelcomeController#index as HTML
  Rendered /home/studyjapan/.rvm/gems/ruby-2.0.0-p643/gems/railties-4.2.2/lib/rails/templates/rails/welcome/index.html.erb (2.2ms)
Completed 200 OK in 32ms (Views: 23.9ms | ActiveRecord: 0.0ms)


Started GET "/" for 127.0.0.1 at 2015-09-28 19:20:06 +0700
Processing by Rails::WelcomeController#index as HTML
  Rendered /home/studyjapan/.rvm/gems/ruby-2.0.0-p643/gems/railties-4.2.2/lib/rails/templates/rails/welcome/index.html.erb (0.1ms)
Completed 200 OK in 5ms (Views: 5.2ms | ActiveRecord: 0.0ms)


Started GET "/" for 127.0.0.1 at 2015-09-28 19:46:55 +0700
Processing by Rails::WelcomeController#index as HTML
  Rendered /home/studyjapan/.rvm/gems/ruby-2.0.0-p643/gems/railties-4.2.2/lib/rails/templates/rails/welcome/index.html.erb (1.0ms)
Completed 200 OK in 14ms (Views: 6.2ms | ActiveRecord: 0.0ms)


Started GET "/" for 127.0.0.1 at 2015-09-28 19:49:34 +0700
Processing by Rails::WelcomeController#index as HTML
  Rendered /home/studyjapan/.rvm/gems/ruby-2.0.0-p643/gems/railties-4.2.2/lib/rails/templates/rails/welcome/index.html.erb (1.0ms)
Completed 200 OK in 14ms (Views: 6.5ms | ActiveRecord: 0.0ms)


Started GET "/" for 127.0.0.1 at 2015-09-28 19:52:21 +0700
Processing by WelcomeController#index as HTML
  Rendered welcome/index.html.erb within layouts/application (0.8ms)
Completed 200 OK in 1090ms (Views: 1081.5ms | ActiveRecord: 0.0ms)


Started GET "/" for 127.0.0.1 at 2015-09-28 19:54:08 +0700
Processing by WelcomeController#index as HTML
  Rendered welcome/index.html.erb within layouts/application (0.9ms)
Completed 200 OK in 223ms (Views: 215.8ms | ActiveRecord: 0.0ms)
